[debug] [2021-03-10T15:08:29.203Z] ----------------------------------------------------------------------
[debug] [2021-03-10T15:08:29.207Z] Command:       /Users/andreaundecimo/.nvm/versions/node/v14.13.0/bin/node /Users/andreaundecimo/.nvm/versions/node/v14.13.0/bin/firebase init
[debug] [2021-03-10T15:08:29.207Z] CLI Version:   9.6.0
[debug] [2021-03-10T15:08:29.207Z] Platform:      darwin
[debug] [2021-03-10T15:08:29.207Z] Node Version:  v14.13.0
[debug] [2021-03-10T15:08:29.209Z] Time:          Wed Mar 10 2021 16:08:29 GMT+0100 (Central European Standard Time)
[debug] [2021-03-10T15:08:29.209Z] ----------------------------------------------------------------------
[debug] [2021-03-10T15:08:29.209Z] 
[debug] [2021-03-10T15:08:29.216Z] > command requires scopes: ["email","openid","https://www.googleapis.com/auth/cloudplatformprojects.readonly","https://www.googleapis.com/auth/firebase","https://www.googleapis.com/auth/cloud-platform"]
[debug] [2021-03-10T15:08:29.217Z] > authorizing via signed-in user
[info] 
     ######## #### ########  ######## ########     ###     ######  ########
     ##        ##  ##     ## ##       ##     ##  ##   ##  ##       ##
     ######    ##  ########  ######   ########  #########  ######  ######
     ##        ##  ##    ##  ##       ##     ## ##     ##       ## ##
     ##       #### ##     ## ######## ########  ##     ##  ######  ########

You're about to initialize a Firebase project in this directory:

  /Users/andreaundecimo/Documents/Hacking/Projects/Synergy/synergy_client

[info] 
=== Project Setup
[info] 
[info] First, let's associate this project directory with a Firebase project.
[info] You can create multiple project aliases by running firebase use --add, 
[info] but for now we'll just set up a default project.
[info] 
[debug] [2021-03-10T15:08:55.791Z] >>> [apiv2][query] GET https://firebase.googleapis.com/v1beta1/projects pageSize=100
[debug] [2021-03-10T15:08:56.165Z] <<< [apiv2][status] GET https://firebase.googleapis.com/v1beta1/projects 200
[debug] [2021-03-10T15:08:56.165Z] <<< [apiv2][body] GET https://firebase.googleapis.com/v1beta1/projects [omitted]
[info] i  Using project synergy-fdda4 (Synergy) 
[info] 
=== Hosting Setup
[info] 
[info] Your public directory is the folder (relative to your project directory) that
[info] will contain Hosting assets to be uploaded with firebase deploy. If you
[info] have a build process for your assets, use your build's output directory.
[info] 
[debug] [2021-03-10T15:10:17.514Z] >>> [apiv2][query] GET https://www.gstatic.com/firebasejs/releases.json [none]
[debug] [2021-03-10T15:10:17.653Z] <<< [apiv2][status] GET https://www.gstatic.com/firebasejs/releases.json 200
[debug] [2021-03-10T15:10:17.654Z] <<< [apiv2][body] GET https://www.gstatic.com/firebasejs/releases.json {"current":{"version":"8.2.10","browserURL":"https://www.gstatic.com/firebasejs/8.2.10/firebase.js","packageURL":"https://www.gstatic.com/firebasejs/8.2.10/firebase.tgz"},"live":{"version":"8.2","browserURL":"https://www.gstatic.com/firebasejs/live/8.2/firebase.js","packageURL":"https://www.gstatic.com/firebasejs/live/8.2/firebase.tgz"},"components":{"analytics":"https://www.gstatic.com/firebasejs/8.2.10/firebase-analytics.js","app":"https://www.gstatic.com/firebasejs/8.2.10/firebase-app.js","auth":"https://www.gstatic.com/firebasejs/8.2.10/firebase-auth.js","database":"https://www.gstatic.com/firebasejs/8.2.10/firebase-database.js","firestore":"https://www.gstatic.com/firebasejs/8.2.10/firebase-firestore.js","functions":"https://www.gstatic.com/firebasejs/8.2.10/firebase-functions.js","installations":"https://www.gstatic.com/firebasejs/8.2.10/firebase-installations.js","messaging":"https://www.gstatic.com/firebasejs/8.2.10/firebase-messaging.js","storage":"https://www.gstatic.com/firebasejs/8.2.10/firebase-storage.js","performance":"https://www.gstatic.com/firebasejs/8.2.10/firebase-performance.js","remote-config":"https://www.gstatic.com/firebasejs/8.2.10/firebase-remote-config.js","firestore.memory":"https://www.gstatic.com/firebasejs/8.2.10/firebase-firestore.memory.js"}}
[info] i  Skipping write of build/index.html 
[info] 
[info] i  Detected a .git folder at /Users/andreaundecimo/Documents/Hacking/Projects/Synergy/synergy_client 
[info] i  Authorizing with GitHub to upload your service account to a GitHub repository's secrets store. 
[info] 
[info] Visit this URL on this device to log in:
[info] https://github.com/login/oauth/authorize?client_id=89cf50f02ac6aaed3484&state=794867107&redirect_uri=http%3A%2F%2Flocalhost%3A9005&scope=read%3Auser%20repo%20public_repo
[info] 
[info] Waiting for authentication...
[debug] [2021-03-10T15:10:30.408Z] >>> HTTP REQUEST POST https://github.com/login/oauth/access_token  
 {"client_id":"89cf50f02ac6aaed3484","client_secret":"3330d14abc895d9a74d5f17cd7a00711fa2c5bf0","code":"e32f10688b941deaf9b5","redirect_uri":"http://localhost:9005","state":"794867107"}
[debug] [2021-03-10T15:10:30.698Z] <<< HTTP RESPONSE 200 {"server":"GitHub.com","date":"Wed, 10 Mar 2021 15:10:30 GMT","content-type":"application/json; charset=utf-8","transfer-encoding":"chunked","vary":"X-PJAX, Accept-Encoding, Accept, X-Requested-With","etag":"W/\"7d933b255a5d6b2a0b01d2289ff33d66\"","cache-control":"max-age=0, private, must-revalidate","strict-transport-security":"max-age=31536000; includeSubdomains; preload","x-frame-options":"deny","x-content-type-options":"nosniff","x-xss-protection":"1; mode=block","referrer-policy":"origin-when-cross-origin, strict-origin-when-cross-origin","expect-ct":"max-age=2592000, report-uri=\"https://api.github.com/_private/browser/errors\"","content-security-policy":"default-src 'none'; base-uri 'self'; block-all-mixed-content; connect-src 'self' uploads.github.com www.githubstatus.com collector.githubapp.com api.github.com github-cloud.s3.amazonaws.com github-production-repository-file-5c1aeb.s3.amazonaws.com github-production-upload-manifest-file-7fdce7.s3.amazonaws.com github-production-user-asset-6210df.s3.amazonaws.com cdn.optimizely.com logx.optimizely.com/v1/events wss://alive.github.com; font-src github.githubassets.com; form-action 'self' github.com gist.github.com; frame-ancestors 'none'; frame-src render.githubusercontent.com; img-src 'self' data: github.githubassets.com identicons.github.com collector.githubapp.com github-cloud.s3.amazonaws.com secured-user-images.githubusercontent.com/ *.githubusercontent.com; manifest-src 'self'; media-src 'none'; script-src github.githubassets.com; style-src 'unsafe-inline' github.githubassets.com; worker-src github.com/socket-worker-6832eced.js gist.github.com/socket-worker-6832eced.js","x-github-request-id":"7CA9:5DA1:1859AF:240194:6048E166"}
[debug] [2021-03-10T15:10:30.739Z] >>> [apiv2][query] GET https://api.github.com/user [none]
[debug] [2021-03-10T15:10:31.062Z] <<< [apiv2][status] GET https://api.github.com/user 200
[debug] [2021-03-10T15:10:31.063Z] <<< [apiv2][body] GET https://api.github.com/user {"login":"AndreaUndecimo","id":63156873,"node_id":"MDQ6VXNlcjYzMTU2ODcz","avatar_url":"https://avatars.githubusercontent.com/u/63156873?v=4","gravatar_id":"","url":"https://api.github.com/users/AndreaUndecimo","html_url":"https://github.com/AndreaUndecimo","followers_url":"https://api.github.com/users/AndreaUndecimo/followers","following_url":"https://api.github.com/users/AndreaUndecimo/following{/other_user}","gists_url":"https://api.github.com/users/AndreaUndecimo/gists{/gist_id}","starred_url":"https://api.github.com/users/AndreaUndecimo/starred{/owner}{/repo}","subscriptions_url":"https://api.github.com/users/AndreaUndecimo/subscriptions","organizations_url":"https://api.github.com/users/AndreaUndecimo/orgs","repos_url":"https://api.github.com/users/AndreaUndecimo/repos","events_url":"https://api.github.com/users/AndreaUndecimo/events{/privacy}","received_events_url":"https://api.github.com/users/AndreaUndecimo/received_events","type":"User","site_admin":false,"name":"Andrea Undecimo","company":null,"blog":"https://www.linkedin.com/in/andreaundecimo/","location":"Berlin","email":"andreaundecimo.au@gmail.com","hireable":true,"bio":"Fullstack developer, making things in React and NodeJs.","twitter_username":"andrea_undecimo","public_repos":7,"public_gists":7,"followers":13,"following":14,"created_at":"2020-04-04T14:49:46Z","updated_at":"2021-03-10T15:10:29Z","private_gists":7,"total_private_repos":3,"owned_private_repos":2,"disk_usage":116648,"collaborators":0,"two_factor_authentication":false,"plan":{"name":"pro","space":976562499,"collaborators":0,"private_repos":9999}}
[info] 
[info] ✔  Success! Logged into GitHub as AndreaUndecimo 
[info] 
